<?xml version="1.0" encoding="UTF-8"?>
<!-- Generated by org.testng.reporters.JUnitReportReporter -->
<testsuite skipped="0" hostname="DESKTOP-LG4283L" name="framework.VerifyNavigationBarTest" tests="1" failures="0" timestamp="2020-07-04T21:33:08 IST" time="0.097" errors="0">
  <testcase name="verifyHeader" time="0.097" classname="framework.VerifyNavigationBarTest"/>
  <system-out/>
</testsuite> <!-- framework.VerifyNavigationBarTest -->
