<?xml version="1.0" encoding="UTF-8"?>
<!-- Generated by org.testng.reporters.JUnitReportReporter -->
<testsuite skipped="0" hostname="DESKTOP-LG4283L" name="framework.HomePageTest" tests="2" failures="0" timestamp="2020-07-04T21:33:08 IST" time="25.690" errors="0">
  <testcase name="homePageNavigation" time="22.213" classname="framework.HomePageTest"/>
  <system-out/>
  <testcase name="homePageNavigation" time="3.477" classname="framework.HomePageTest"/>
  <system-out/>
</testsuite> <!-- framework.HomePageTest -->
