<?xml version="1.0" encoding="UTF-8"?>
<!-- Generated by org.testng.reporters.JUnitReportReporter -->
<testsuite skipped="0" hostname="DESKTOP-LG4283L" name="framework.PracticePageTest" tests="2" failures="0" timestamp="2020-07-04T21:33:08 IST" time="25.559" errors="0">
  <testcase name="verifySelectBoxClick" time="0.477" classname="framework.PracticePageTest"/>
  <system-out/>
  <testcase name="verifyPracticePageNavigation" time="25.082" classname="framework.PracticePageTest"/>
  <system-out/>
</testsuite> <!-- framework.PracticePageTest -->
