<?xml version="1.0" encoding="UTF-8"?>
<!-- Generated by org.testng.reporters.JUnitReportReporter -->
<testsuite skipped="0" hostname="DESKTOP-LG4283L" name="framework.PracticePageTest" tests="2" failures="0" timestamp="2020-07-05T19:51:49 IST" time="31.399" errors="0">
  <testcase name="verifyPracticePageNavigation" time="30.988" classname="framework.PracticePageTest"/>
  <system-out/>
  <testcase name="verifySelectBoxClick" time="0.411" classname="framework.PracticePageTest"/>
  <system-out/>
</testsuite> <!-- framework.PracticePageTest -->
