<?xml version="1.0" encoding="UTF-8"?>
<!-- Generated by org.testng.reporters.JUnitReportReporter -->
<testsuite skipped="0" hostname="DESKTOP-LG4283L" name="framework.HomePageTest" tests="2" failures="0" timestamp="2020-07-05T19:51:49 IST" time="26.164" errors="0">
  <testcase name="homePageNavigation" time="20.642" classname="framework.HomePageTest"/>
  <system-out/>
  <testcase name="homePageNavigation" time="5.522" classname="framework.HomePageTest"/>
  <system-out/>
</testsuite> <!-- framework.HomePageTest -->
